<?xml version="1.0" encoding="UTF-8" ?>
<testsuite failures="0" time="0.46" errors="0" skipped="0" tests="21" name="org.apache.ddlutils.alteration.TestForeignKeyComparison">
  <properties>
[...]
</properties>
  <testcase time="0.027" classname="org.apache.ddlutils.alteration.TestForeignKeyComparison" name="testAddColumnAndForeignKey"/>
  <testcase time="0.019" classname="org.apache.ddlutils.alteration.TestForeignKeyComparison" name="testAddColumnAndForeignKeyToIt"/>
  <testcase time="0.019" classname="org.apache.ddlutils.alteration.TestForeignKeyComparison" name="testAddColumnsAndForeignKey"/>
  <testcase time="0.021" classname="org.apache.ddlutils.alteration.TestForeignKeyComparison" name="testAddColumnsAndForeignKeyToThem"/>
  <testcase time="0.018" classname="org.apache.ddlutils.alteration.TestForeignKeyComparison" name="testAddColumnsAndForeignKeyBetweenThem"/>
  <testcase time="0.017" classname="org.apache.ddlutils.alteration.TestForeignKeyComparison" name="testAddSingleReferenceForeignKey"/>
  <testcase time="0.018" classname="org.apache.ddlutils.alteration.TestForeignKeyComparison" name="testAddMultiReferenceForeignKey"/>
  <testcase time="0.02" classname="org.apache.ddlutils.alteration.TestForeignKeyComparison" name="testAddLocalColumnToMultiReferenceForeignKey"/>
  <testcase time="0.019" classname="org.apache.ddlutils.alteration.TestForeignKeyComparison" name="testAddForeignColumnToMultiReferenceForeignKey"/>
  <testcase time="0.023" classname="org.apache.ddlutils.alteration.TestForeignKeyComparison" name="testAddColumnsToSingleReferenceForeignKey"/>
  <testcase time="0.035" classname="org.apache.ddlutils.alteration.TestForeignKeyComparison" name="testAddReferenceToMultiReferenceForeignKey"/>
  <testcase time="0.037" classname="org.apache.ddlutils.alteration.TestForeignKeyComparison" name="testAddReferencesToSingleReferenceForeignKey"/>
  <testcase time="0.031" classname="org.apache.ddlutils.alteration.TestForeignKeyComparison" name="testForeignKeyReferenceOrder"/>
  <testcase time="0.019" classname="org.apache.ddlutils.alteration.TestForeignKeyComparison" name="testAddReferenceToForeignKeyAndChangeOrder"/>
  <testcase time="0.019" classname="org.apache.ddlutils.alteration.TestForeignKeyComparison" name="testRemoveReferenceFromForeignKey"/>
  <testcase time="0.025" classname="org.apache.ddlutils.alteration.TestForeignKeyComparison" name="testRemoveReferenceFromForeignKeyAndChangeOrder"/>
  <testcase time="0.026" classname="org.apache.ddlutils.alteration.TestForeignKeyComparison" name="testDropColumnsFromForeignKey"/>
  <testcase time="0.015" classname="org.apache.ddlutils.alteration.TestForeignKeyComparison" name="testDropSingleReferenceForeignKey"/>
  <testcase time="0.015" classname="org.apache.ddlutils.alteration.TestForeignKeyComparison" name="testDropMultiReferenceForeignKey"/>
  <testcase time="0.015" classname="org.apache.ddlutils.alteration.TestForeignKeyComparison" name="testAddAndDropForeignKey1"/>
  <testcase time="0.015" classname="org.apache.ddlutils.alteration.TestForeignKeyComparison" name="testAddAndDropForeignKey2"/>
</testsuite>