<?xml version="1.0" encoding="UTF-8" ?>
<testsuite failures="0" time="0.007" errors="0" skipped="0" tests="27" name="org.apache.ddlutils.platform.TestPlatformUtils">
  <properties>
[...]
</properties>
  <testcase time="0.001" classname="org.apache.ddlutils.platform.TestPlatformUtils" name="testAxionUrl"/>
  <testcase time="0.001" classname="org.apache.ddlutils.platform.TestPlatformUtils" name="testDb2Driver"/>
  <testcase time="0" classname="org.apache.ddlutils.platform.TestPlatformUtils" name="testDerbyDriver"/>
  <testcase time="0" classname="org.apache.ddlutils.platform.TestPlatformUtils" name="testDerbyUrl"/>
  <testcase time="0" classname="org.apache.ddlutils.platform.TestPlatformUtils" name="testFirebirdDriver"/>
  <testcase time="0" classname="org.apache.ddlutils.platform.TestPlatformUtils" name="testFirebirdUrl"/>
  <testcase time="0" classname="org.apache.ddlutils.platform.TestPlatformUtils" name="testHsqldbDriver"/>
  <testcase time="0" classname="org.apache.ddlutils.platform.TestPlatformUtils" name="testHsqldbUrl"/>
  <testcase time="0" classname="org.apache.ddlutils.platform.TestPlatformUtils" name="testInterbaseDriver"/>
  <testcase time="0" classname="org.apache.ddlutils.platform.TestPlatformUtils" name="testInterbaseUrl"/>
  <testcase time="0.001" classname="org.apache.ddlutils.platform.TestPlatformUtils" name="testMckoiDriver"/>
  <testcase time="0" classname="org.apache.ddlutils.platform.TestPlatformUtils" name="testMckoiUrl"/>
  <testcase time="0" classname="org.apache.ddlutils.platform.TestPlatformUtils" name="testMsSqlDriver"/>
  <testcase time="0" classname="org.apache.ddlutils.platform.TestPlatformUtils" name="testMsSqlUrl"/>
  <testcase time="0" classname="org.apache.ddlutils.platform.TestPlatformUtils" name="testMySqlDriver"/>
  <testcase time="0" classname="org.apache.ddlutils.platform.TestPlatformUtils" name="testMySqlUrl"/>
  <testcase time="0.001" classname="org.apache.ddlutils.platform.TestPlatformUtils" name="testOracleDriver"/>
  <testcase time="0" classname="org.apache.ddlutils.platform.TestPlatformUtils" name="testOracleUrl"/>
  <testcase time="0" classname="org.apache.ddlutils.platform.TestPlatformUtils" name="testSapDbUrl"/>
  <testcase time="0" classname="org.apache.ddlutils.platform.TestPlatformUtils" name="testDb2Url"/>
  <testcase time="0" classname="org.apache.ddlutils.platform.TestPlatformUtils" name="testAxionDriver"/>
  <testcase time="0" classname="org.apache.ddlutils.platform.TestPlatformUtils" name="testCloudscapeUrl"/>
  <testcase time="0" classname="org.apache.ddlutils.platform.TestPlatformUtils" name="testPostgreSqlDriver"/>
  <testcase time="0" classname="org.apache.ddlutils.platform.TestPlatformUtils" name="testPostgreSqlUrl"/>
  <testcase time="0" classname="org.apache.ddlutils.platform.TestPlatformUtils" name="testSapDbDriver"/>
  <testcase time="0" classname="org.apache.ddlutils.platform.TestPlatformUtils" name="testSybaseDriver"/>
  <testcase time="0" classname="org.apache.ddlutils.platform.TestPlatformUtils" name="testSybaseUrl"/>
</testsuite>