<?xml version="1.0" encoding="UTF-8" ?>
<testsuite errors="1" failures="0" hostname="holger-Desktop" name="org.apache.ddlutils.task.TestWriteDataToDatabaseCommand" skipped="0" tests="1" time="0.0" timestamp="2013-11-05T23:27:04">
  <properties>
[...]
</properties>
  <error type="java.lang.reflect.InvocationTargetException">java.lang.reflect.InvocationTargetException
Caused by: java.lang.RuntimeException: java.io.FileNotFoundException: /jdbc.properties.mysql (No existe el archivo o el directorio)
	at org.apache.ddlutils.TestAgainstLiveDatabaseBase.readTestProperties(TestAgainstLiveDatabaseBase.java:196)
	at org.apache.ddlutils.TestAgainstLiveDatabaseBase.getTests(TestAgainstLiveDatabaseBase.java:110)
	at org.apache.ddlutils.task.TestWriteDataToDatabaseCommand.suite(TestWriteDataToDatabaseCommand.java:45)
Caused by: java.io.FileNotFoundException: /jdbc.properties.mysql (No existe el archivo o el directorio)
	at java.io.FileInputStream.open(Native Method)
	at java.io.FileInputStream.&lt;init&gt;(FileInputStream.java:146)
	at java.io.FileInputStream.&lt;init&gt;(FileInputStream.java:101)
	at org.apache.ddlutils.TestAgainstLiveDatabaseBase.readTestProperties(TestAgainstLiveDatabaseBase.java:186)
</error>
  <system-out><![CDATA[]]></system-out>
  <system-err><![CDATA[]]></system-err>
</testsuite>
